build/outputs/logs/manifest-merger-debug-report.txt
-- Merging decision tree log ---
manifest
ADDED from wp\BasicSampleV2\AndroidManifest.xml:2:1-49:12
	package
		ADDED from wp\BasicSampleV2\AndroidManifest.xml:3:5-59
	android:versionName
		ADDED from wp\BasicSampleV2\AndroidManifest.xml:5:5-30
		INJECTED from wp\BasicSampleV2\AndroidManifest.xml
		INJECTED from wp\BasicSampleV2\AndroidManifest.xml
	android:versionCode
		ADDED from wp\BasicSampleV2\AndroidManifest.xml:4:5-28
		INJECTED from wp\BasicSampleV2\AndroidManifest.xml
		INJECTED from wp\BasicSampleV2\AndroidManifest.xml
	xmlns:android
		ADDED from wp\BasicSampleV2\AndroidManifest.xml:2:11-69
uses-sdk
ADDED from wp\BasicSampleV2\AndroidManifest.xml:7:5-44
	android:minSdkVersion
		ADDED from wp\BasicSampleV2\AndroidManifest.xml:7:15-41
uses-permission#android.permission.WRITE_OWNER_DATA
ADDED from wp\BasicSampleV2\AndroidManifest.xml:9:5-75
	android:name
		ADDED from wp\BasicSampleV2\AndroidManifest.xml:9:22-72
uses-permission#android.permission.READ_OWNER_DATA
ADDED from wp\BasicSampleV2\AndroidManifest.xml:10:5-74
	android:name
		ADDED from wp\BasicSampleV2\AndroidManifest.xml:10:22-71
uses-permission#android.permission.INTERNET
ADDED from wp\BasicSampleV2\AndroidManifest.xml:11:5-67
	android:name
		ADDED from wp\BasicSampleV2\AndroidManifest.xml:11:22-64
application
ADDED from wp\BasicSampleV2\AndroidManifest.xml:13:5-47:19
	android:label
		ADDED from wp\BasicSampleV2\AndroidManifest.xml:15:9-41
	android:icon
		ADDED from wp\BasicSampleV2\AndroidManifest.xml:14:9-38
uses-library#ptapi
ADDED from wp\BasicSampleV2\AndroidManifest.xml:16:9-46
	android:name
		ADDED from wp\BasicSampleV2\AndroidManifest.xml:16:23-43
uses-library#com.taztag.fingerprint_library
ADDED from wp\BasicSampleV2\AndroidManifest.xml:17:9-71
	android:name
		ADDED from wp\BasicSampleV2\AndroidManifest.xml:17:23-68
activity#com.authentec.java.ptapi.samples.basicsample.MainActivity
ADDED from wp\BasicSampleV2\AndroidManifest.xml:20:9-21:47
	android:theme
		ADDED from wp\BasicSampleV2\AndroidManifest.xml:21:13-44
	android:name
		ADDED from wp\BasicSampleV2\AndroidManifest.xml:20:19-47
activity#com.authentec.java.ptapi.samples.basicsample.MainActivity2
ADDED from wp\BasicSampleV2\AndroidManifest.xml:22:9-23:46
	android:theme
		ADDED from wp\BasicSampleV2\AndroidManifest.xml:23:13-44
	android:name
		ADDED from wp\BasicSampleV2\AndroidManifest.xml:22:19-48
activity#com.authentec.java.ptapi.samples.basicsample.facial
ADDED from wp\BasicSampleV2\AndroidManifest.xml:24:9-26:46
	android:screenOrientation
		ADDED from wp\BasicSampleV2\AndroidManifest.xml:25:13-50
	android:theme
		ADDED from wp\BasicSampleV2\AndroidManifest.xml:26:13-44
	android:name
		ADDED from wp\BasicSampleV2\AndroidManifest.xml:24:19-41
activity#com.authentec.java.ptapi.samples.basicsample.firma
ADDED from wp\BasicSampleV2\AndroidManifest.xml:27:9-28:46
	android:theme
		ADDED from wp\BasicSampleV2\AndroidManifest.xml:28:13-44
	android:name
		ADDED from wp\BasicSampleV2\AndroidManifest.xml:27:19-40
activity#com.authentec.java.ptapi.samples.basicsample.fac2
ADDED from wp\BasicSampleV2\AndroidManifest.xml:29:9-30:46
	android:theme
		ADDED from wp\BasicSampleV2\AndroidManifest.xml:30:13-44
	android:name
		ADDED from wp\BasicSampleV2\AndroidManifest.xml:29:19-39
activity#com.authentec.java.ptapi.samples.basicsample.SampleActivity
ADDED from wp\BasicSampleV2\AndroidManifest.xml:31:9-32:46
	android:theme
		ADDED from wp\BasicSampleV2\AndroidManifest.xml:32:13-44
	android:name
		ADDED from wp\BasicSampleV2\AndroidManifest.xml:31:19-49
activity#com.authentec.java.ptapi.samples.basicsample.SplashActivity
ADDED from wp\BasicSampleV2\AndroidManifest.xml:34:9-43:20
	android:label
		ADDED from wp\BasicSampleV2\AndroidManifest.xml:36:13-45
	android:configChanges
		ADDED from wp\BasicSampleV2\AndroidManifest.xml:37:13-59
	android:name
		ADDED from wp\BasicSampleV2\AndroidManifest.xml:35:13-87
intent-filter#android.intent.action.MAIN+android.intent.category.LAUNCHER
ADDED from wp\BasicSampleV2\AndroidManifest.xml:38:13-42:29
action#android.intent.action.MAIN
ADDED from wp\BasicSampleV2\AndroidManifest.xml:39:17-69
	android:name
		ADDED from wp\BasicSampleV2\AndroidManifest.xml:39:25-66
category#android.intent.category.LAUNCHER
ADDED from wp\BasicSampleV2\AndroidManifest.xml:41:17-77
	android:name
		ADDED from wp\BasicSampleV2\AndroidManifest.xml:41:27-74
activity#com.authentec.java.ptapi.samples.basicsample.FPDisplay
ADDED from wp\BasicSampleV2\AndroidManifest.xml:44:9-46:41
	android:label
		ADDED from wp\BasicSampleV2\AndroidManifest.xml:46:13-38
	android:name
		ADDED from wp\BasicSampleV2\AndroidManifest.xml:45:13-38